<?xml version="1.0" encoding="UTF-8"?>
<!-- Generated by org.testng.reporters.JUnitXMLReporter -->
<testsuite ignored="0" hostname="VGs-MacBook-Pro.local" failures="0" tests="11" name="Default test" time="350.674" errors="0" timestamp="2024-08-06T23:55:36 WAT">
  <testcase classname="iOSTest.e2eTestiOS" name="beforeTestSetup" time="2.257"/>
  <testcase classname="iOSTest.e2eTestiOS" name="signUp" time="43.977"/>
  <testcase classname="iOSTest.e2eTestiOS" name="onboardingAssessment" time="44.624"/>
  <testcase classname="iOSTest.e2eTestiOS" name="addMedication" time="27.49"/>
  <testcase classname="iOSTest.e2eTestiOS" name="setDosage" time="46.332"/>
  <testcase classname="iOSTest.e2eTestiOS" name="logSymptoms" time="28.694"/>
  <testcase classname="iOSTest.e2eTestiOS" name="logProcedure" time="41.708"/>
  <testcase classname="iOSTest.e2eTestiOS" name="logHeartRate" time="27.475"/>
  <testcase classname="iOSTest.e2eTestiOS" name="logBP" time="30.028"/>
  <testcase classname="iOSTest.e2eTestiOS" name="logSleep" time="30.522"/>
  <testcase classname="iOSTest.e2eTestiOS" name="deleteAccount" time="7.857"/>
</testsuite> <!-- Default test -->
